<?xml version="1.0" encoding="UTF-8"?>
<!-- Generated by org.testng.reporters.JUnitXMLReporter -->
<testsuite hostname="Rashi" ignored="4" name="Default test" tests="1" failures="0" timestamp="21 Jan 2019 00:21:21 GMT" time="7.406" errors="0">
  <testcase name="verifyAddToCart" time="7.302" classname="com.app.tests.DressesPageTest"/>
  <testcase name="verifyPriceInAscendingOrder" time="0.0" classname="com.app.tests.DressesPageTest">
    <ignored/>
  </testcase> <!-- verifyPriceInAscendingOrder -->
  <testcase name="verifySize" time="0.0" classname="com.app.tests.DressesPageTest">
    <ignored/>
  </testcase> <!-- verifySize -->
  <testcase name="verifyProductNamesInAscendingOrder" time="0.0" classname="com.app.tests.DressesPageTest">
    <ignored/>
  </testcase> <!-- verifyProductNamesInAscendingOrder -->
  <testcase name="verifyProductCount" time="0.0" classname="com.app.tests.DressesPageTest">
    <ignored/>
  </testcase> <!-- verifyProductCount -->
</testsuite> <!-- Default test -->
