<?xml version="1.0" encoding="UTF-8"?>
<!-- Generated by org.testng.reporters.JUnitXMLReporter -->
<testsuite hostname="Rashi" ignored="0" name="Test" tests="11" failures="0" timestamp="22 Jan 2019 05:20:43 GMT" time="118.827" errors="0">
  <testcase name="Email" time="3.128" classname="com.app.tests.HomePageTest"/>
  <testcase name="verifyAddToCartButton" time="1.129" classname="com.app.tests.HomePageTest"/>
  <testcase name="verifyTabs" time="0.156" classname="com.app.tests.HomePageTest"/>
  <testcase name="verifySocialButtons" time="0.976" classname="com.app.tests.ProductDetailTest"/>
  <testcase name="verifySize" time="0.228" classname="com.app.tests.DressesPageTest"/>
  <testcase name="verifypage" time="22.86" classname="com.app.tests.HomePageTest"/>
  <testcase name="verifyPdtDescription" time="0.254" classname="com.app.tests.ProductDetailTest"/>
  <testcase name="verifyProductCount" time="0.099" classname="com.app.tests.DressesPageTest"/>
  <testcase name="verifyAddToCart" time="1.831" classname="com.app.tests.DressesPageTest"/>
  <testcase name="verifyPriceInAscendingOrder" time="30.807" classname="com.app.tests.DressesPageTest"/>
  <testcase name="verifyProductNamesInAscendingOrder" time="30.779" classname="com.app.tests.DressesPageTest"/>
</testsuite> <!-- Test -->
